
______       ___  ___  _______________ 
| ___ \     / _ \ |  \/  ||  ___|  ___|
| |_/ /   _/ /_\ \| .  . || |_  | |_   
|  __/ | | |  _  || |\/| ||  _| |  _|  
| |  | |_| | | | || |  | || |   | |    
\_|   \__, \_| |_/\_|  |_/\_|   \_|    
       __/ |                           
      |___/  

Platform:            Linux
Platform-release:    4.18.0-553.45.1.el8_10.x86_64
Platform-version:    #1 SMP Wed Mar 19 18:28:53 UTC 2025
Architecture:        x86_64
Hostname:            halifax.cm.utexas.edu
IP-address:          10.149.217.98
MAC-address:         cc:48:3a:19:19:3c
Processor:           AMD EPYC 7343 16-Core Processor
=======================================================
Starting a PyAMFF job at 2025-04-29 09:08:18 CDT
=======================================================
Reading inputs from /home/ma62425/testing_fingerprints/C2H4/train/1/low/config.ini
Reading fingerprint parameters from /home/ma62425/testing_fingerprints/C2H4/train/1/low/auto_fpParas.dat
Generating a fpParas.dat file
Generating a fpParas.dat file
  Fingerprints used:
    Type: BP
    H :  20 G1s
    C :  20 G1s
Reading training images from /home/ma62425/testing_fingerprints/C2H4/train/1/low/C2H4_md.traj
Checking and preprocessing training images
  Number of training images: 570
Using pre-calculated fingerprints from /home/ma62425/testing_fingerprints/C2H4/train/1/low/fingerprints
